# JRE version: OpenJDK Runtime Environment Temurin-17.0.12+7 (17.0.12+7) (build 17.0.12+7)
# Java VM: OpenJDK 64-Bit Server VM Temurin-17.0.12+7 (17.0.12+7, mixed mode, tiered, compressed oops, compressed class ptrs, parallel gc, linux-amd64)
GC Precious Log:
 CPUs: 8 total, 4 available
 Memory: 7731M
 Large Page Support: Disabled
 NUMA Support: Disabled
 Compressed Oops: Enabled (32-bit)
 Alignments: Space 512K, Generation 512K, Heap 2M
 Heap Min Capacity: 100M
 Heap Initial Capacity: 100M
 Heap Max Capacity: 1G
 Pre-touch: Disabled
 Parallel Workers: 4
Heap:
 PSYoungGen      total 32256K, used 4084K [0x00000000eab00000, 0x00000000ee100000, 0x0000000100000000)
  eden space 28160K, 0% used [0x00000000eab00000,0x00000000eab00000,0x00000000ec680000)
  from space 4096K, 99% used [0x00000000ed100000,0x00000000ed4fd2b0,0x00000000ed500000)
  to   space 10752K, 0% used [0x00000000ec680000,0x00000000ec680000,0x00000000ed100000)
 ParOldGen       total 225792K, used 222749K [0x00000000c0000000, 0x00000000cdc80000, 0x00000000eab00000)
  object space 225792K, 98% used [0x00000000c0000000,0x00000000cd987780,0x00000000cdc80000)
 Metaspace       used 68367K, committed 69568K, reserved 1114112K
  class space    used 7250K, committed 7808K, reserved 1048576K
GC Heap History (20 events):
Event: 26,810 GC heap after
{Heap after GC invocations=133 (full 8):
 PSYoungGen      total 30720K, used 6121K [0x00000000eab00000, 0x00000000ed900000, 0x0000000100000000)
  eden space 24576K, 0% used [0x00000000eab00000,0x00000000eab00000,0x00000000ec300000)
  from space 6144K, 99% used [0x00000000ec500000,0x00000000ecafa7c0,0x00000000ecb00000)
  to   space 11264K, 0% used [0x00000000ece00000,0x00000000ece00000,0x00000000ed900000)
 ParOldGen       total 225792K, used 183879K [0x00000000c0000000, 0x00000000cdc80000, 0x00000000eab00000)
  object space 225792K, 81% used [0x00000000c0000000,0x00000000cb391ca8,0x00000000cdc80000)
 Metaspace       used 65930K, committed 67072K, reserved 1114112K
  class space    used 6981K, committed 7488K, reserved 1048576K
}
Event: 26,966 GC heap before
{Heap before GC invocations=134 (full 8):
 PSYoungGen      total 30720K, used 30697K [0x00000000eab00000, 0x00000000ed900000, 0x0000000100000000)
  eden space 24576K, 100% used [0x00000000eab00000,0x00000000ec300000,0x00000000ec300000)
  from space 6144K, 99% used [0x00000000ec500000,0x00000000ecafa7c0,0x00000000ecb00000)
  to   space 11264K, 0% used [0x00000000ece00000,0x00000000ece00000,0x00000000ed900000)
 ParOldGen       total 225792K, used 183879K [0x00000000c0000000, 0x00000000cdc80000, 0x00000000eab00000)
  object space 225792K, 81% used [0x00000000c0000000,0x00000000cb391ca8,0x00000000cdc80000)
 Metaspace       used 66150K, committed 67328K, reserved 1114112K
  class space    used 6998K, committed 7488K, reserved 1048576K
}
Event: 27,007 GC heap after
{Heap after GC invocations=134 (full 8):
 PSYoungGen      total 36352K, used 8359K [0x00000000eab00000, 0x00000000ed780000, 0x0000000100000000)
  eden space 26624K, 0% used [0x00000000eab00000,0x00000000eab00000,0x00000000ec500000)
  from space 9728K, 85% used [0x00000000ece00000,0x00000000ed629f40,0x00000000ed780000)
  to   space 9216K, 0% used [0x00000000ec500000,0x00000000ec500000,0x00000000ece00000)
 ParOldGen       total 225792K, used 186732K [0x00000000c0000000, 0x00000000cdc80000, 0x00000000eab00000)
  object space 225792K, 82% used [0x00000000c0000000,0x00000000cb65b020,0x00000000cdc80000)
 Metaspace       used 66150K, committed 67328K, reserved 1114112K
  class space    used 6998K, committed 7488K, reserved 1048576K
}
Event: 27,460 GC heap before
{Heap before GC invocations=135 (full 8):
 PSYoungGen      total 36352K, used 34983K [0x00000000eab00000, 0x00000000ed780000, 0x0000000100000000)
  eden space 26624K, 100% used [0x00000000eab00000,0x00000000ec500000,0x00000000ec500000)
  from space 9728K, 85% used [0x00000000ece00000,0x00000000ed629f40,0x00000000ed780000)
  to   space 9216K, 0% used [0x00000000ec500000,0x00000000ec500000,0x00000000ece00000)
 ParOldGen       total 225792K, used 186732K [0x00000000c0000000, 0x00000000cdc80000, 0x00000000eab00000)
  object space 225792K, 82% used [0x00000000c0000000,0x00000000cb65b020,0x00000000cdc80000)
 Metaspace       used 66352K, committed 67456K, reserved 1114112K
  class space    used 7024K, committed 7552K, reserved 1048576K
}
Event: 27,490 GC heap after
{Heap after GC invocations=135 (full 8):
 PSYoungGen      total 35840K, used 9197K [0x00000000eab00000, 0x00000000ee300000, 0x0000000100000000)
  eden space 26624K, 0% used [0x00000000eab00000,0x00000000eab00000,0x00000000ec500000)
  from space 9216K, 99% used [0x00000000ec500000,0x00000000ecdfb588,0x00000000ece00000)
  to   space 13824K, 0% used [0x00000000ed580000,0x00000000ed580000,0x00000000ee300000)
 ParOldGen       total 225792K, used 190390K [0x00000000c0000000, 0x00000000cdc80000, 0x00000000eab00000)
  object space 225792K, 84% used [0x00000000c0000000,0x00000000cb9ed850,0x00000000cdc80000)
 Metaspace       used 66352K, committed 67456K, reserved 1114112K
  class space    used 7024K, committed 7552K, reserved 1048576K
}
Event: 27,742 GC heap before
{Heap before GC invocations=136 (full 8):
 PSYoungGen      total 35840K, used 35821K [0x00000000eab00000, 0x00000000ee300000, 0x0000000100000000)
  eden space 26624K, 100% used [0x00000000eab00000,0x00000000ec500000,0x00000000ec500000)
  from space 9216K, 99% used [0x00000000ec500000,0x00000000ecdfb588,0x00000000ece00000)
  to   space 13824K, 0% used [0x00000000ed580000,0x00000000ed580000,0x00000000ee300000)
 ParOldGen       total 225792K, used 190390K [0x00000000c0000000, 0x00000000cdc80000, 0x00000000eab00000)
  object space 225792K, 84% used [0x00000000c0000000,0x00000000cb9ed850,0x00000000cdc80000)
 Metaspace       used 66957K, committed 68224K, reserved 1114112K
  class space    used 7100K, committed 7680K, reserved 1048576K
}
Event: 27,773 GC heap after
{Heap after GC invocations=136 (full 8):
 PSYoungGen      total 35328K, used 5152K [0x00000000eab00000, 0x00000000edb00000, 0x0000000100000000)
  eden space 29696K, 0% used [0x00000000eab00000,0x00000000eab00000,0x00000000ec800000)
  from space 5632K, 91% used [0x00000000ed580000,0x00000000eda88358,0x00000000edb00000)
  to   space 8192K, 0% used [0x00000000ecb00000,0x00000000ecb00000,0x00000000ed300000)
 ParOldGen       total 225792K, used 199267K [0x00000000c0000000, 0x00000000cdc80000, 0x00000000eab00000)
  object space 225792K, 88% used [0x00000000c0000000,0x00000000cc298c68,0x00000000cdc80000)
 Metaspace       used 66957K, committed 68224K, reserved 1114112K
  class space    used 7100K, committed 7680K, reserved 1048576K
}
Event: 28,061 GC heap before
{Heap before GC invocations=137 (full 8):
 PSYoungGen      total 35328K, used 34848K [0x00000000eab00000, 0x00000000edb00000, 0x0000000100000000)
  eden space 29696K, 100% used [0x00000000eab00000,0x00000000ec800000,0x00000000ec800000)
  from space 5632K, 91% used [0x00000000ed580000,0x00000000eda88358,0x00000000edb00000)
  to   space 8192K, 0% used [0x00000000ecb00000,0x00000000ecb00000,0x00000000ed300000)
 ParOldGen       total 225792K, used 199267K [0x00000000c0000000, 0x00000000cdc80000, 0x00000000eab00000)
  object space 225792K, 88% used [0x00000000c0000000,0x00000000cc298c68,0x00000000cdc80000)
 Metaspace       used 67512K, committed 68800K, reserved 1114112K
  class space    used 7174K, committed 7744K, reserved 1048576K
}
Event: 28,077 GC heap after
{Heap after GC invocations=137 (full 8):
 PSYoungGen      total 37376K, used 8169K [0x00000000eab00000, 0x00000000edd80000, 0x0000000100000000)
  eden space 29184K, 0% used [0x00000000eab00000,0x00000000eab00000,0x00000000ec780000)
  from space 8192K, 99% used [0x00000000ecb00000,0x00000000ed2fa4e0,0x00000000ed300000)
  to   space 10752K, 0% used [0x00000000ed300000,0x00000000ed300000,0x00000000edd80000)
 ParOldGen       total 225792K, used 201362K [0x00000000c0000000, 0x00000000cdc80000, 0x00000000eab00000)
  object space 225792K, 89% used [0x00000000c0000000,0x00000000cc4a4a78,0x00000000cdc80000)
 Metaspace       used 67512K, committed 68800K, reserved 1114112K
  class space    used 7174K, committed 7744K, reserved 1048576K
}
Event: 28,353 GC heap before
{Heap before GC invocations=138 (full 8):
 PSYoungGen      total 37376K, used 37353K [0x00000000eab00000, 0x00000000edd80000, 0x0000000100000000)
  eden space 29184K, 100% used [0x00000000eab00000,0x00000000ec780000,0x00000000ec780000)
  from space 8192K, 99% used [0x00000000ecb00000,0x00000000ed2fa4e0,0x00000000ed300000)
  to   space 10752K, 0% used [0x00000000ed300000,0x00000000ed300000,0x00000000edd80000)
 ParOldGen       total 225792K, used 201362K [0x00000000c0000000, 0x00000000cdc80000, 0x00000000eab00000)
  object space 225792K, 89% used [0x00000000c0000000,0x00000000cc4a4a78,0x00000000cdc80000)
 Metaspace       used 67702K, committed 68992K, reserved 1114112K
  class space    used 7196K, committed 7744K, reserved 1048576K
}
Event: 28,372 GC heap after
{Heap after GC invocations=138 (full 8):
 PSYoungGen      total 33280K, used 4255K [0x00000000eab00000, 0x00000000ed780000, 0x0000000100000000)
  eden space 28672K, 0% used [0x00000000eab00000,0x00000000eab00000,0x00000000ec700000)
  from space 4608K, 92% used [0x00000000ed300000,0x00000000ed727c30,0x00000000ed780000)
  to   space 6656K, 0% used [0x00000000eca80000,0x00000000eca80000,0x00000000ed100000)
 ParOldGen       total 225792K, used 209376K [0x00000000c0000000, 0x00000000cdc80000, 0x00000000eab00000)
  object space 225792K, 92% used [0x00000000c0000000,0x00000000ccc78290,0x00000000cdc80000)
 Metaspace       used 67702K, committed 68992K, reserved 1114112K
  class space    used 7196K, committed 7744K, reserved 1048576K
}
Event: 28,616 GC heap before
{Heap before GC invocations=139 (full 8):
 PSYoungGen      total 33280K, used 32927K [0x00000000eab00000, 0x00000000ed780000, 0x0000000100000000)
  eden space 28672K, 100% used [0x00000000eab00000,0x00000000ec700000,0x00000000ec700000)
  from space 4608K, 92% used [0x00000000ed300000,0x00000000ed727c30,0x00000000ed780000)
  to   space 6656K, 0% used [0x00000000eca80000,0x00000000eca80000,0x00000000ed100000)
 ParOldGen       total 225792K, used 209376K [0x00000000c0000000, 0x00000000cdc80000, 0x00000000eab00000)
  object space 225792K, 92% used [0x00000000c0000000,0x00000000ccc78290,0x00000000cdc80000)
 Metaspace       used 67787K, committed 69056K, reserved 1114112K
  class space    used 7200K, committed 7808K, reserved 1048576K
}
Event: 28,651 GC heap after
{Heap after GC invocations=139 (full 8):
 PSYoungGen      total 38400K, used 6650K [0x00000000eab00000, 0x00000000edc00000, 0x0000000100000000)
  eden space 31744K, 0% used [0x00000000eab00000,0x00000000eab00000,0x00000000eca00000)
  from space 6656K, 99% used [0x00000000eca80000,0x00000000ed0fe998,0x00000000ed100000)
  to   space 9216K, 0% used [0x00000000ed300000,0x00000000ed300000,0x00000000edc00000)
 ParOldGen       total 225792K, used 210785K [0x00000000c0000000, 0x00000000cdc80000, 0x00000000eab00000)
  object space 225792K, 93% used [0x00000000c0000000,0x00000000ccdd8490,0x00000000cdc80000)
 Metaspace       used 67787K, committed 69056K, reserved 1114112K
  class space    used 7200K, committed 7808K, reserved 1048576K
}
Event: 28,953 GC heap before
{Heap before GC invocations=140 (full 8):
 PSYoungGen      total 38400K, used 38394K [0x00000000eab00000, 0x00000000edc00000, 0x0000000100000000)
  eden space 31744K, 100% used [0x00000000eab00000,0x00000000eca00000,0x00000000eca00000)
  from space 6656K, 99% used [0x00000000eca80000,0x00000000ed0fe998,0x00000000ed100000)
  to   space 9216K, 0% used [0x00000000ed300000,0x00000000ed300000,0x00000000edc00000)
 ParOldGen       total 225792K, used 210785K [0x00000000c0000000, 0x00000000cdc80000, 0x00000000eab00000)
  object space 225792K, 93% used [0x00000000c0000000,0x00000000ccdd8490,0x00000000cdc80000)
 Metaspace       used 68081K, committed 69312K, reserved 1114112K
  class space    used 7223K, committed 7808K, reserved 1048576K
}
Event: 28,980 GC heap after
{Heap after GC invocations=140 (full 8):
 PSYoungGen      total 34304K, used 2995K [0x00000000eab00000, 0x00000000ed600000, 0x0000000100000000)
  eden space 31232K, 0% used [0x00000000eab00000,0x00000000eab00000,0x00000000ec980000)
  from space 3072K, 97% used [0x00000000ed300000,0x00000000ed5ecde0,0x00000000ed600000)
  to   space 5120K, 0% used [0x00000000ecc00000,0x00000000ecc00000,0x00000000ed100000)
 ParOldGen       total 225792K, used 217045K [0x00000000c0000000, 0x00000000cdc80000, 0x00000000eab00000)
  object space 225792K, 96% used [0x00000000c0000000,0x00000000cd3f5498,0x00000000cdc80000)
 Metaspace       used 68081K, committed 69312K, reserved 1114112K
  class space    used 7223K, committed 7808K, reserved 1048576K
}
Event: 29,117 GC heap before
{Heap before GC invocations=141 (full 8):
 PSYoungGen      total 34304K, used 34174K [0x00000000eab00000, 0x00000000ed600000, 0x0000000100000000)
  eden space 31232K, 99% used [0x00000000eab00000,0x00000000ec972a38,0x00000000ec980000)
  from space 3072K, 97% used [0x00000000ed300000,0x00000000ed5ecde0,0x00000000ed600000)
  to   space 5120K, 0% used [0x00000000ecc00000,0x00000000ecc00000,0x00000000ed100000)
 ParOldGen       total 225792K, used 217045K [0x00000000c0000000, 0x00000000cdc80000, 0x00000000eab00000)
  object space 225792K, 96% used [0x00000000c0000000,0x00000000cd3f5498,0x00000000cdc80000)
 Metaspace       used 68266K, committed 69504K, reserved 1114112K
  class space    used 7240K, committed 7808K, reserved 1048576K
}
Event: 29,127 GC heap after
{Heap after GC invocations=141 (full 8):
 PSYoungGen      total 35840K, used 5099K [0x00000000eab00000, 0x00000000ed500000, 0x0000000100000000)
  eden space 30720K, 0% used [0x00000000eab00000,0x00000000eab00000,0x00000000ec900000)
  from space 5120K, 99% used [0x00000000ecc00000,0x00000000ed0facc0,0x00000000ed100000)
  to   space 4096K, 0% used [0x00000000ed100000,0x00000000ed100000,0x00000000ed500000)
 ParOldGen       total 225792K, used 217253K [0x00000000c0000000, 0x00000000cdc80000, 0x00000000eab00000)
  object space 225792K, 96% used [0x00000000c0000000,0x00000000cd429498,0x00000000cdc80000)
 Metaspace       used 68266K, committed 69504K, reserved 1114112K
  class space    used 7240K, committed 7808K, reserved 1048576K
}
Event: 29,227 GC heap before
{Heap before GC invocations=142 (full 8):
 PSYoungGen      total 35840K, used 35819K [0x00000000eab00000, 0x00000000ed500000, 0x0000000100000000)
  eden space 30720K, 100% used [0x00000000eab00000,0x00000000ec900000,0x00000000ec900000)
  from space 5120K, 99% used [0x00000000ecc00000,0x00000000ed0facc0,0x00000000ed100000)
  to   space 4096K, 0% used [0x00000000ed100000,0x00000000ed100000,0x00000000ed500000)
 ParOldGen       total 225792K, used 217253K [0x00000000c0000000, 0x00000000cdc80000, 0x00000000eab00000)
  object space 225792K, 96% used [0x00000000c0000000,0x00000000cd429498,0x00000000cdc80000)
 Metaspace       used 68367K, committed 69568K, reserved 1114112K
  class space    used 7250K, committed 7808K, reserved 1048576K
}
Event: 29,247 GC heap after
{Heap after GC invocations=142 (full 8):
 PSYoungGen      total 32256K, used 4084K [0x00000000eab00000, 0x00000000ee100000, 0x0000000100000000)
  eden space 28160K, 0% used [0x00000000eab00000,0x00000000eab00000,0x00000000ec680000)
  from space 4096K, 99% used [0x00000000ed100000,0x00000000ed4fd2b0,0x00000000ed500000)
  to   space 10752K, 0% used [0x00000000ec680000,0x00000000ec680000,0x00000000ed100000)
 ParOldGen       total 225792K, used 222749K [0x00000000c0000000, 0x00000000cdc80000, 0x00000000eab00000)
  object space 225792K, 98% used [0x00000000c0000000,0x00000000cd987780,0x00000000cdc80000)
 Metaspace       used 68367K, committed 69568K, reserved 1114112K
  class space    used 7250K, committed 7808K, reserved 1048576K
}
Event: 29,247 GC heap before
{Heap before GC invocations=143 (full 9):
 PSYoungGen      total 32256K, used 4084K [0x00000000eab00000, 0x00000000ee100000, 0x0000000100000000)
  eden space 28160K, 0% used [0x00000000eab00000,0x00000000eab00000,0x00000000ec680000)
  from space 4096K, 99% used [0x00000000ed100000,0x00000000ed4fd2b0,0x00000000ed500000)
  to   space 10752K, 0% used [0x00000000ec680000,0x00000000ec680000,0x00000000ed100000)
 ParOldGen       total 225792K, used 222749K [0x00000000c0000000, 0x00000000cdc80000, 0x00000000eab00000)
  object space 225792K, 98% used [0x00000000c0000000,0x00000000cd987780,0x00000000cdc80000)
 Metaspace       used 68367K, committed 69568K, reserved 1114112K
  class space    used 7250K, committed 7808K, reserved 1048576K
}

