# JRE version: OpenJDK Runtime Environment Temurin-17.0.12+7 (17.0.12+7) (build 17.0.12+7)
# Java VM: OpenJDK 64-Bit Server VM Temurin-17.0.12+7 (17.0.12+7, mixed mode, tiered, compressed oops, compressed class ptrs, parallel gc, linux-amd64)
GC Precious Log:
 CPUs: 8 total, 4 available
 Memory: 7731M
 Large Page Support: Disabled
 NUMA Support: Disabled
 Compressed Oops: Enabled (32-bit)
 Alignments: Space 512K, Generation 512K, Heap 2M
 Heap Min Capacity: 100M
 Heap Initial Capacity: 100M
 Heap Max Capacity: 1G
 Pre-touch: Disabled
 Parallel Workers: 4
Heap:
 PSYoungGen      total 6656K, used 1523K [0x00000000eab00000, 0x00000000ee000000, 0x0000000100000000)
  eden space 5120K, 0% used [0x00000000eab00000,0x00000000eab00000,0x00000000eb000000)
  from space 1536K, 99% used [0x00000000ec080000,0x00000000ec1fccd8,0x00000000ec200000)
  to   space 16896K, 0% used [0x00000000eb000000,0x00000000eb000000,0x00000000ec080000)
 ParOldGen       total 154624K, used 147995K [0x00000000c0000000, 0x00000000c9700000, 0x00000000eab00000)
  object space 154624K, 95% used [0x00000000c0000000,0x00000000c9086d18,0x00000000c9700000)
 Metaspace       used 97468K, committed 98880K, reserved 1179648K
  class space    used 9636K, committed 10304K, reserved 1048576K
GC Heap History (20 events):
Event: 1821,618 GC heap after
{Heap after GC invocations=2519 (full 66):
 PSYoungGen      total 22528K, used 1242K [0x00000000eab00000, 0x00000000ec400000, 0x0000000100000000)
  eden space 20992K, 0% used [0x00000000eab00000,0x00000000eab00000,0x00000000ebf80000)
  from space 1536K, 80% used [0x00000000ec200000,0x00000000ec336920,0x00000000ec380000)
  to   space 512K, 0% used [0x00000000ec380000,0x00000000ec380000,0x00000000ec400000)
 ParOldGen       total 154624K, used 128159K [0x00000000c0000000, 0x00000000c9700000, 0x00000000eab00000)
  object space 154624K, 82% used [0x00000000c0000000,0x00000000c7d27dd8,0x00000000c9700000)
 Metaspace       used 97459K, committed 98880K, reserved 1179648K
  class space    used 9636K, committed 10304K, reserved 1048576K
}
Event: 1822,179 GC heap before
{Heap before GC invocations=2520 (full 66):
 PSYoungGen      total 22528K, used 22234K [0x00000000eab00000, 0x00000000ec400000, 0x0000000100000000)
  eden space 20992K, 100% used [0x00000000eab00000,0x00000000ebf80000,0x00000000ebf80000)
  from space 1536K, 80% used [0x00000000ec200000,0x00000000ec336920,0x00000000ec380000)
  to   space 512K, 0% used [0x00000000ec380000,0x00000000ec380000,0x00000000ec400000)
 ParOldGen       total 154624K, used 128159K [0x00000000c0000000, 0x00000000c9700000, 0x00000000eab00000)
  object space 154624K, 82% used [0x00000000c0000000,0x00000000c7d27dd8,0x00000000c9700000)
 Metaspace       used 97459K, committed 98880K, reserved 1179648K
  class space    used 9636K, committed 10304K, reserved 1048576K
}
Event: 1822,186 GC heap after
{Heap after GC invocations=2520 (full 66):
 PSYoungGen      total 21504K, used 480K [0x00000000eab00000, 0x00000000ec400000, 0x0000000100000000)
  eden space 20992K, 0% used [0x00000000eab00000,0x00000000eab00000,0x00000000ebf80000)
  from space 512K, 93% used [0x00000000ec380000,0x00000000ec3f8020,0x00000000ec400000)
  to   space 1536K, 0% used [0x00000000ec100000,0x00000000ec100000,0x00000000ec280000)
 ParOldGen       total 154624K, used 129158K [0x00000000c0000000, 0x00000000c9700000, 0x00000000eab00000)
  object space 154624K, 83% used [0x00000000c0000000,0x00000000c7e21bc0,0x00000000c9700000)
 Metaspace       used 97459K, committed 98880K, reserved 1179648K
  class space    used 9636K, committed 10304K, reserved 1048576K
}
Event: 1822,386 GC heap before
{Heap before GC invocations=2521 (full 66):
 PSYoungGen      total 21504K, used 21472K [0x00000000eab00000, 0x00000000ec400000, 0x0000000100000000)
  eden space 20992K, 100% used [0x00000000eab00000,0x00000000ebf80000,0x00000000ebf80000)
  from space 512K, 93% used [0x00000000ec380000,0x00000000ec3f8020,0x00000000ec400000)
  to   space 1536K, 0% used [0x00000000ec100000,0x00000000ec100000,0x00000000ec280000)
 ParOldGen       total 154624K, used 129158K [0x00000000c0000000, 0x00000000c9700000, 0x00000000eab00000)
  object space 154624K, 83% used [0x00000000c0000000,0x00000000c7e21bc0,0x00000000c9700000)
 Metaspace       used 97461K, committed 98880K, reserved 1179648K
  class space    used 9636K, committed 10304K, reserved 1048576K
}
Event: 1822,393 GC heap after
{Heap after GC invocations=2521 (full 66):
 PSYoungGen      total 22528K, used 1524K [0x00000000eab00000, 0x00000000ec480000, 0x0000000100000000)
  eden space 20992K, 0% used [0x00000000eab00000,0x00000000eab00000,0x00000000ebf80000)
  from space 1536K, 99% used [0x00000000ec100000,0x00000000ec27d240,0x00000000ec280000)
  to   space 2048K, 0% used [0x00000000ec280000,0x00000000ec280000,0x00000000ec480000)
 ParOldGen       total 154624K, used 129694K [0x00000000c0000000, 0x00000000c9700000, 0x00000000eab00000)
  object space 154624K, 83% used [0x00000000c0000000,0x00000000c7ea7938,0x00000000c9700000)
 Metaspace       used 97461K, committed 98880K, reserved 1179648K
  class space    used 9636K, committed 10304K, reserved 1048576K
}
Event: 1822,540 GC heap before
{Heap before GC invocations=2522 (full 66):
 PSYoungGen      total 22528K, used 22516K [0x00000000eab00000, 0x00000000ec480000, 0x0000000100000000)
  eden space 20992K, 100% used [0x00000000eab00000,0x00000000ebf80000,0x00000000ebf80000)
  from space 1536K, 99% used [0x00000000ec100000,0x00000000ec27d240,0x00000000ec280000)
  to   space 2048K, 0% used [0x00000000ec280000,0x00000000ec280000,0x00000000ec480000)
 ParOldGen       total 154624K, used 129694K [0x00000000c0000000, 0x00000000c9700000, 0x00000000eab00000)
  object space 154624K, 83% used [0x00000000c0000000,0x00000000c7ea7938,0x00000000c9700000)
 Metaspace       used 97462K, committed 98880K, reserved 1179648K
  class space    used 9636K, committed 10304K, reserved 1048576K
}
Event: 1822,550 GC heap after
{Heap after GC invocations=2522 (full 66):
 PSYoungGen      total 22528K, used 2046K [0x00000000eab00000, 0x00000000ec680000, 0x0000000100000000)
  eden space 20480K, 0% used [0x00000000eab00000,0x00000000eab00000,0x00000000ebf00000)
  from space 2048K, 99% used [0x00000000ec280000,0x00000000ec47fb50,0x00000000ec480000)
  to   space 3584K, 0% used [0x00000000ebf00000,0x00000000ebf00000,0x00000000ec280000)
 ParOldGen       total 154624K, used 130817K [0x00000000c0000000, 0x00000000c9700000, 0x00000000eab00000)
  object space 154624K, 84% used [0x00000000c0000000,0x00000000c7fc0400,0x00000000c9700000)
 Metaspace       used 97462K, committed 98880K, reserved 1179648K
  class space    used 9636K, committed 10304K, reserved 1048576K
}
Event: 1822,699 GC heap before
{Heap before GC invocations=2523 (full 66):
 PSYoungGen      total 22528K, used 22526K [0x00000000eab00000, 0x00000000ec680000, 0x0000000100000000)
  eden space 20480K, 100% used [0x00000000eab00000,0x00000000ebf00000,0x00000000ebf00000)
  from space 2048K, 99% used [0x00000000ec280000,0x00000000ec47fb50,0x00000000ec480000)
  to   space 3584K, 0% used [0x00000000ebf00000,0x00000000ebf00000,0x00000000ec280000)
 ParOldGen       total 154624K, used 130817K [0x00000000c0000000, 0x00000000c9700000, 0x00000000eab00000)
  object space 154624K, 84% used [0x00000000c0000000,0x00000000c7fc0400,0x00000000c9700000)
 Metaspace       used 97462K, committed 98880K, reserved 1179648K
  class space    used 9636K, committed 10304K, reserved 1048576K
}
Event: 1822,712 GC heap after
{Heap after GC invocations=2523 (full 66):
 PSYoungGen      total 22016K, used 1246K [0x00000000eab00000, 0x00000000ec300000, 0x0000000100000000)
  eden space 20480K, 0% used [0x00000000eab00000,0x00000000eab00000,0x00000000ebf00000)
  from space 1536K, 81% used [0x00000000ebf00000,0x00000000ec037b50,0x00000000ec080000)
  to   space 2048K, 0% used [0x00000000ec100000,0x00000000ec100000,0x00000000ec300000)
 ParOldGen       total 154624K, used 132556K [0x00000000c0000000, 0x00000000c9700000, 0x00000000eab00000)
  object space 154624K, 85% used [0x00000000c0000000,0x00000000c81731e0,0x00000000c9700000)
 Metaspace       used 97462K, committed 98880K, reserved 1179648K
  class space    used 9636K, committed 10304K, reserved 1048576K
}
Event: 1822,830 GC heap before
{Heap before GC invocations=2524 (full 66):
 PSYoungGen      total 22016K, used 21726K [0x00000000eab00000, 0x00000000ec300000, 0x0000000100000000)
  eden space 20480K, 100% used [0x00000000eab00000,0x00000000ebf00000,0x00000000ebf00000)
  from space 1536K, 81% used [0x00000000ebf00000,0x00000000ec037b50,0x00000000ec080000)
  to   space 2048K, 0% used [0x00000000ec100000,0x00000000ec100000,0x00000000ec300000)
 ParOldGen       total 154624K, used 132556K [0x00000000c0000000, 0x00000000c9700000, 0x00000000eab00000)
  object space 154624K, 85% used [0x00000000c0000000,0x00000000c81731e0,0x00000000c9700000)
 Metaspace       used 97462K, committed 98880K, reserved 1179648K
  class space    used 9636K, committed 10304K, reserved 1048576K
}
Event: 1822,844 GC heap after
{Heap after GC invocations=2524 (full 66):
 PSYoungGen      total 21504K, used 772K [0x00000000eab00000, 0x00000000ec200000, 0x0000000100000000)
  eden space 20480K, 0% used [0x00000000eab00000,0x00000000eab00000,0x00000000ebf00000)
  from space 1024K, 75% used [0x00000000ec100000,0x00000000ec1c1230,0x00000000ec200000)
  to   space 1536K, 0% used [0x00000000ebf00000,0x00000000ebf00000,0x00000000ec080000)
 ParOldGen       total 154624K, used 132580K [0x00000000c0000000, 0x00000000c9700000, 0x00000000eab00000)
  object space 154624K, 85% used [0x00000000c0000000,0x00000000c81791e0,0x00000000c9700000)
 Metaspace       used 97462K, committed 98880K, reserved 1179648K
  class space    used 9636K, committed 10304K, reserved 1048576K
}
Event: 1823,066 GC heap before
{Heap before GC invocations=2525 (full 66):
 PSYoungGen      total 21504K, used 21252K [0x00000000eab00000, 0x00000000ec200000, 0x0000000100000000)
  eden space 20480K, 100% used [0x00000000eab00000,0x00000000ebf00000,0x00000000ebf00000)
  from space 1024K, 75% used [0x00000000ec100000,0x00000000ec1c1230,0x00000000ec200000)
  to   space 1536K, 0% used [0x00000000ebf00000,0x00000000ebf00000,0x00000000ec080000)
 ParOldGen       total 154624K, used 132580K [0x00000000c0000000, 0x00000000c9700000, 0x00000000eab00000)
  object space 154624K, 85% used [0x00000000c0000000,0x00000000c81791e0,0x00000000c9700000)
 Metaspace       used 97463K, committed 98880K, reserved 1179648K
  class space    used 9636K, committed 10304K, reserved 1048576K
}
Event: 1823,075 GC heap after
{Heap after GC invocations=2525 (full 66):
 PSYoungGen      total 22016K, used 1523K [0x00000000eab00000, 0x00000000ec400000, 0x0000000100000000)
  eden space 20480K, 0% used [0x00000000eab00000,0x00000000eab00000,0x00000000ebf00000)
  from space 1536K, 99% used [0x00000000ebf00000,0x00000000ec07cd50,0x00000000ec080000)
  to   space 2560K, 0% used [0x00000000ec180000,0x00000000ec180000,0x00000000ec400000)
 ParOldGen       total 154624K, used 133196K [0x00000000c0000000, 0x00000000c9700000, 0x00000000eab00000)
  object space 154624K, 86% used [0x00000000c0000000,0x00000000c82131e0,0x00000000c9700000)
 Metaspace       used 97463K, committed 98880K, reserved 1179648K
  class space    used 9636K, committed 10304K, reserved 1048576K
}
Event: 1823,543 GC heap before
{Heap before GC invocations=2526 (full 66):
 PSYoungGen      total 22016K, used 22003K [0x00000000eab00000, 0x00000000ec400000, 0x0000000100000000)
  eden space 20480K, 100% used [0x00000000eab00000,0x00000000ebf00000,0x00000000ebf00000)
  from space 1536K, 99% used [0x00000000ebf00000,0x00000000ec07cd50,0x00000000ec080000)
  to   space 2560K, 0% used [0x00000000ec180000,0x00000000ec180000,0x00000000ec400000)
 ParOldGen       total 154624K, used 133196K [0x00000000c0000000, 0x00000000c9700000, 0x00000000eab00000)
  object space 154624K, 86% used [0x00000000c0000000,0x00000000c82131e0,0x00000000c9700000)
 Metaspace       used 97465K, committed 98880K, reserved 1179648K
  class space    used 9636K, committed 10304K, reserved 1048576K
}
Event: 1823,556 GC heap after
{Heap after GC invocations=2526 (full 66):
 PSYoungGen      total 22528K, used 1923K [0x00000000eab00000, 0x00000000ec380000, 0x0000000100000000)
  eden space 20480K, 0% used [0x00000000eab00000,0x00000000eab00000,0x00000000ebf00000)
  from space 2048K, 93% used [0x00000000ec180000,0x00000000ec360d20,0x00000000ec380000)
  to   space 2048K, 0% used [0x00000000ebf80000,0x00000000ebf80000,0x00000000ec180000)
 ParOldGen       total 154624K, used 134375K [0x00000000c0000000, 0x00000000c9700000, 0x00000000eab00000)
  object space 154624K, 86% used [0x00000000c0000000,0x00000000c8339fe8,0x00000000c9700000)
 Metaspace       used 97465K, committed 98880K, reserved 1179648K
  class space    used 9636K, committed 10304K, reserved 1048576K
}
Event: 1824,079 GC heap before
{Heap before GC invocations=2527 (full 66):
 PSYoungGen      total 22528K, used 22403K [0x00000000eab00000, 0x00000000ec380000, 0x0000000100000000)
  eden space 20480K, 100% used [0x00000000eab00000,0x00000000ebf00000,0x00000000ebf00000)
  from space 2048K, 93% used [0x00000000ec180000,0x00000000ec360d20,0x00000000ec380000)
  to   space 2048K, 0% used [0x00000000ebf80000,0x00000000ebf80000,0x00000000ec180000)
 ParOldGen       total 154624K, used 134375K [0x00000000c0000000, 0x00000000c9700000, 0x00000000eab00000)
  object space 154624K, 86% used [0x00000000c0000000,0x00000000c8339fe8,0x00000000c9700000)
 Metaspace       used 97465K, committed 98880K, reserved 1179648K
  class space    used 9636K, committed 10304K, reserved 1048576K
}
Event: 1824,084 GC heap after
{Heap after GC invocations=2527 (full 66):
 PSYoungGen      total 20992K, used 484K [0x00000000eab00000, 0x00000000ec200000, 0x0000000100000000)
  eden space 20480K, 0% used [0x00000000eab00000,0x00000000eab00000,0x00000000ebf00000)
  from space 512K, 94% used [0x00000000ebf80000,0x00000000ebff9210,0x00000000ec000000)
  to   space 1536K, 0% used [0x00000000ec080000,0x00000000ec080000,0x00000000ec200000)
 ParOldGen       total 154624K, used 135328K [0x00000000c0000000, 0x00000000c9700000, 0x00000000eab00000)
  object space 154624K, 87% used [0x00000000c0000000,0x00000000c8428060,0x00000000c9700000)
 Metaspace       used 97465K, committed 98880K, reserved 1179648K
  class space    used 9636K, committed 10304K, reserved 1048576K
}
Event: 1824,364 GC heap before
{Heap before GC invocations=2528 (full 66):
 PSYoungGen      total 20992K, used 20964K [0x00000000eab00000, 0x00000000ec200000, 0x0000000100000000)
  eden space 20480K, 100% used [0x00000000eab00000,0x00000000ebf00000,0x00000000ebf00000)
  from space 512K, 94% used [0x00000000ebf80000,0x00000000ebff9210,0x00000000ec000000)
  to   space 1536K, 0% used [0x00000000ec080000,0x00000000ec080000,0x00000000ec200000)
 ParOldGen       total 154624K, used 135328K [0x00000000c0000000, 0x00000000c9700000, 0x00000000eab00000)
  object space 154624K, 87% used [0x00000000c0000000,0x00000000c8428060,0x00000000c9700000)
 Metaspace       used 97468K, committed 98880K, reserved 1179648K
  class space    used 9636K, committed 10304K, reserved 1048576K
}
Event: 1824,388 GC heap after
{Heap after GC invocations=2528 (full 66):
 PSYoungGen      total 6656K, used 1523K [0x00000000eab00000, 0x00000000ee000000, 0x0000000100000000)
  eden space 5120K, 0% used [0x00000000eab00000,0x00000000eab00000,0x00000000eb000000)
  from space 1536K, 99% used [0x00000000ec080000,0x00000000ec1fccd8,0x00000000ec200000)
  to   space 16896K, 0% used [0x00000000eb000000,0x00000000eb000000,0x00000000ec080000)
 ParOldGen       total 154624K, used 147995K [0x00000000c0000000, 0x00000000c9700000, 0x00000000eab00000)
  object space 154624K, 95% used [0x00000000c0000000,0x00000000c9086d18,0x00000000c9700000)
 Metaspace       used 97468K, committed 98880K, reserved 1179648K
  class space    used 9636K, committed 10304K, reserved 1048576K
}
Event: 1824,388 GC heap before
{Heap before GC invocations=2529 (full 67):
 PSYoungGen      total 6656K, used 1523K [0x00000000eab00000, 0x00000000ee000000, 0x0000000100000000)
  eden space 5120K, 0% used [0x00000000eab00000,0x00000000eab00000,0x00000000eb000000)
  from space 1536K, 99% used [0x00000000ec080000,0x00000000ec1fccd8,0x00000000ec200000)
  to   space 16896K, 0% used [0x00000000eb000000,0x00000000eb000000,0x00000000ec080000)
 ParOldGen       total 154624K, used 147995K [0x00000000c0000000, 0x00000000c9700000, 0x00000000eab00000)
  object space 154624K, 95% used [0x00000000c0000000,0x00000000c9086d18,0x00000000c9700000)
 Metaspace       used 97468K, committed 98880K, reserved 1179648K
  class space    used 9636K, committed 10304K, reserved 1048576K
}

