# JRE version: OpenJDK Runtime Environment Temurin-17.0.12+7 (17.0.12+7) (build 17.0.12+7)
# Java VM: OpenJDK 64-Bit Server VM Temurin-17.0.12+7 (17.0.12+7, mixed mode, tiered, compressed oops, compressed class ptrs, parallel gc, linux-amd64)
GC Precious Log:
 CPUs: 8 total, 4 available
 Memory: 7731M
 Large Page Support: Disabled
 NUMA Support: Disabled
 Compressed Oops: Enabled (32-bit)
 Alignments: Space 512K, Generation 512K, Heap 2M
 Heap Min Capacity: 100M
 Heap Initial Capacity: 100M
 Heap Max Capacity: 1G
 Pre-touch: Disabled
 Parallel Workers: 4
Heap:
 PSYoungGen      total 7680K, used 7252K [0x00000000eab00000, 0x00000000eb800000, 0x0000000100000000)
  eden space 6656K, 100% used [0x00000000eab00000,0x00000000eb180000,0x00000000eb180000)
  from space 1024K, 58% used [0x00000000eb600000,0x00000000eb695200,0x00000000eb700000)
  to   space 1024K, 97% used [0x00000000eb700000,0x00000000eb7f8b90,0x00000000eb800000)
 ParOldGen       total 322048K, used 287477K [0x00000000c0000000, 0x00000000d3a80000, 0x00000000eab00000)
  object space 322048K, 89% used [0x00000000c0000000,0x00000000d18bd680,0x00000000d3a80000)
 Metaspace       used 103635K, committed 105024K, reserved 1179648K
  class space    used 10276K, committed 10944K, reserved 1048576K
GC Heap History (20 events):
Event: 3749,128 GC heap before
{Heap before GC invocations=4777 (full 84):
 PSYoungGen      total 14336K, used 13524K [0x00000000eab00000, 0x00000000ebf00000, 0x0000000100000000)
  eden space 13312K, 100% used [0x00000000eab00000,0x00000000eb800000,0x00000000eb800000)
  from space 1024K, 20% used [0x00000000ebd80000,0x00000000ebdb5220,0x00000000ebe80000)
  to   space 512K, 0% used [0x00000000ebe80000,0x00000000ebe80000,0x00000000ebf00000)
 ParOldGen       total 322048K, used 271279K [0x00000000c0000000, 0x00000000d3a80000, 0x00000000eab00000)
  object space 322048K, 84% used [0x00000000c0000000,0x00000000d08ebd70,0x00000000d3a80000)
 Metaspace       used 103635K, committed 105024K, reserved 1179648K
  class space    used 10276K, committed 10944K, reserved 1048576K
}
Event: 3749,142 GC heap after
{Heap after GC invocations=4777 (full 84):
 PSYoungGen      total 13824K, used 506K [0x00000000eab00000, 0x00000000ec400000, 0x0000000100000000)
  eden space 13312K, 0% used [0x00000000eab00000,0x00000000eab00000,0x00000000eb800000)
  from space 512K, 98% used [0x00000000ebe80000,0x00000000ebefe920,0x00000000ebf00000)
  to   space 6144K, 0% used [0x00000000eb800000,0x00000000eb800000,0x00000000ebe00000)
 ParOldGen       total 322048K, used 275644K [0x00000000c0000000, 0x00000000d3a80000, 0x00000000eab00000)
  object space 322048K, 85% used [0x00000000c0000000,0x00000000d0d2f240,0x00000000d3a80000)
 Metaspace       used 103635K, committed 105024K, reserved 1179648K
  class space    used 10276K, committed 10944K, reserved 1048576K
}
Event: 3749,198 GC heap before
{Heap before GC invocations=4778 (full 84):
 PSYoungGen      total 13824K, used 13818K [0x00000000eab00000, 0x00000000ec400000, 0x0000000100000000)
  eden space 13312K, 100% used [0x00000000eab00000,0x00000000eb800000,0x00000000eb800000)
  from space 512K, 98% used [0x00000000ebe80000,0x00000000ebefe920,0x00000000ebf00000)
  to   space 6144K, 0% used [0x00000000eb800000,0x00000000eb800000,0x00000000ebe00000)
 ParOldGen       total 322048K, used 275644K [0x00000000c0000000, 0x00000000d3a80000, 0x00000000eab00000)
  object space 322048K, 85% used [0x00000000c0000000,0x00000000d0d2f240,0x00000000d3a80000)
 Metaspace       used 103635K, committed 105024K, reserved 1179648K
  class space    used 10276K, committed 10944K, reserved 1048576K
}
Event: 3749,213 GC heap after
{Heap after GC invocations=4778 (full 84):
 PSYoungGen      total 16384K, used 2804K [0x00000000eab00000, 0x00000000ebf00000, 0x0000000100000000)
  eden space 13312K, 0% used [0x00000000eab00000,0x00000000eab00000,0x00000000eb800000)
  from space 3072K, 91% used [0x00000000eb800000,0x00000000ebabd200,0x00000000ebb00000)
  to   space 3584K, 0% used [0x00000000ebb80000,0x00000000ebb80000,0x00000000ebf00000)
 ParOldGen       total 322048K, used 276092K [0x00000000c0000000, 0x00000000d3a80000, 0x00000000eab00000)
  object space 322048K, 85% used [0x00000000c0000000,0x00000000d0d9f260,0x00000000d3a80000)
 Metaspace       used 103635K, committed 105024K, reserved 1179648K
  class space    used 10276K, committed 10944K, reserved 1048576K
}
Event: 3749,311 GC heap before
{Heap before GC invocations=4779 (full 84):
 PSYoungGen      total 16384K, used 16116K [0x00000000eab00000, 0x00000000ebf00000, 0x0000000100000000)
  eden space 13312K, 100% used [0x00000000eab00000,0x00000000eb800000,0x00000000eb800000)
  from space 3072K, 91% used [0x00000000eb800000,0x00000000ebabd200,0x00000000ebb00000)
  to   space 3584K, 0% used [0x00000000ebb80000,0x00000000ebb80000,0x00000000ebf00000)
 ParOldGen       total 322048K, used 276092K [0x00000000c0000000, 0x00000000d3a80000, 0x00000000eab00000)
  object space 322048K, 85% used [0x00000000c0000000,0x00000000d0d9f260,0x00000000d3a80000)
 Metaspace       used 103635K, committed 105024K, reserved 1179648K
  class space    used 10276K, committed 10944K, reserved 1048576K
}
Event: 3749,331 GC heap after
{Heap after GC invocations=4779 (full 84):
 PSYoungGen      total 13824K, used 192K [0x00000000eab00000, 0x00000000ebc00000, 0x0000000100000000)
  eden space 13312K, 0% used [0x00000000eab00000,0x00000000eab00000,0x00000000eb800000)
  from space 512K, 37% used [0x00000000ebb80000,0x00000000ebbb0000,0x00000000ebc00000)
  to   space 1536K, 0% used [0x00000000eb900000,0x00000000eb900000,0x00000000eba80000)
 ParOldGen       total 322048K, used 278601K [0x00000000c0000000, 0x00000000d3a80000, 0x00000000eab00000)
  object space 322048K, 86% used [0x00000000c0000000,0x00000000d1012460,0x00000000d3a80000)
 Metaspace       used 103635K, committed 105024K, reserved 1179648K
  class space    used 10276K, committed 10944K, reserved 1048576K
}
Event: 3749,545 GC heap before
{Heap before GC invocations=4780 (full 84):
 PSYoungGen      total 13824K, used 13503K [0x00000000eab00000, 0x00000000ebc00000, 0x0000000100000000)
  eden space 13312K, 99% used [0x00000000eab00000,0x00000000eb7ffd98,0x00000000eb800000)
  from space 512K, 37% used [0x00000000ebb80000,0x00000000ebbb0000,0x00000000ebc00000)
  to   space 1536K, 0% used [0x00000000eb900000,0x00000000eb900000,0x00000000eba80000)
 ParOldGen       total 322048K, used 278601K [0x00000000c0000000, 0x00000000d3a80000, 0x00000000eab00000)
  object space 322048K, 86% used [0x00000000c0000000,0x00000000d1012460,0x00000000d3a80000)
 Metaspace       used 103635K, committed 105024K, reserved 1179648K
  class space    used 10276K, committed 10944K, reserved 1048576K
}
Event: 3749,553 GC heap after
{Heap after GC invocations=4780 (full 84):
 PSYoungGen      total 14848K, used 1172K [0x00000000eab00000, 0x00000000ebc00000, 0x0000000100000000)
  eden space 13312K, 0% used [0x00000000eab00000,0x00000000eab00000,0x00000000eb800000)
  from space 1536K, 76% used [0x00000000eb900000,0x00000000eba25240,0x00000000eba80000)
  to   space 1536K, 0% used [0x00000000eba80000,0x00000000eba80000,0x00000000ebc00000)
 ParOldGen       total 322048K, used 278641K [0x00000000c0000000, 0x00000000d3a80000, 0x00000000eab00000)
  object space 322048K, 86% used [0x00000000c0000000,0x00000000d101c460,0x00000000d3a80000)
 Metaspace       used 103635K, committed 105024K, reserved 1179648K
  class space    used 10276K, committed 10944K, reserved 1048576K
}
Event: 3749,600 GC heap before
{Heap before GC invocations=4781 (full 84):
 PSYoungGen      total 14848K, used 14484K [0x00000000eab00000, 0x00000000ebc00000, 0x0000000100000000)
  eden space 13312K, 100% used [0x00000000eab00000,0x00000000eb800000,0x00000000eb800000)
  from space 1536K, 76% used [0x00000000eb900000,0x00000000eba25240,0x00000000eba80000)
  to   space 1536K, 0% used [0x00000000eba80000,0x00000000eba80000,0x00000000ebc00000)
 ParOldGen       total 322048K, used 278641K [0x00000000c0000000, 0x00000000d3a80000, 0x00000000eab00000)
  object space 322048K, 86% used [0x00000000c0000000,0x00000000d101c460,0x00000000d3a80000)
 Metaspace       used 103635K, committed 105024K, reserved 1179648K
  class space    used 10276K, committed 10944K, reserved 1048576K
}
Event: 3749,620 GC heap after
{Heap after GC invocations=4781 (full 84):
 PSYoungGen      total 8192K, used 1534K [0x00000000eab00000, 0x00000000eca00000, 0x0000000100000000)
  eden space 6656K, 0% used [0x00000000eab00000,0x00000000eab00000,0x00000000eb180000)
  from space 1536K, 99% used [0x00000000eba80000,0x00000000ebbffa48,0x00000000ebc00000)
  to   space 9216K, 0% used [0x00000000eb180000,0x00000000eb180000,0x00000000eba80000)
 ParOldGen       total 322048K, used 284822K [0x00000000c0000000, 0x00000000d3a80000, 0x00000000eab00000)
  object space 322048K, 88% used [0x00000000c0000000,0x00000000d1625b78,0x00000000d3a80000)
 Metaspace       used 103635K, committed 105024K, reserved 1179648K
  class space    used 10276K, committed 10944K, reserved 1048576K
}
Event: 3749,669 GC heap before
{Heap before GC invocations=4782 (full 84):
 PSYoungGen      total 8192K, used 8190K [0x00000000eab00000, 0x00000000eca00000, 0x0000000100000000)
  eden space 6656K, 100% used [0x00000000eab00000,0x00000000eb180000,0x00000000eb180000)
  from space 1536K, 99% used [0x00000000eba80000,0x00000000ebbffa48,0x00000000ebc00000)
  to   space 9216K, 0% used [0x00000000eb180000,0x00000000eb180000,0x00000000eba80000)
 ParOldGen       total 322048K, used 284822K [0x00000000c0000000, 0x00000000d3a80000, 0x00000000eab00000)
  object space 322048K, 88% used [0x00000000c0000000,0x00000000d1625b78,0x00000000d3a80000)
 Metaspace       used 103635K, committed 105024K, reserved 1179648K
  class space    used 10276K, committed 10944K, reserved 1048576K
}
Event: 3749,677 GC heap after
{Heap after GC invocations=4782 (full 84):
 PSYoungGen      total 7680K, used 660K [0x00000000eab00000, 0x00000000ebb00000, 0x0000000100000000)
  eden space 6656K, 0% used [0x00000000eab00000,0x00000000eab00000,0x00000000eb180000)
  from space 1024K, 64% used [0x00000000eb180000,0x00000000eb225200,0x00000000eb280000)
  to   space 3584K, 0% used [0x00000000eb780000,0x00000000eb780000,0x00000000ebb00000)
 ParOldGen       total 322048K, used 286375K [0x00000000c0000000, 0x00000000d3a80000, 0x00000000eab00000)
  object space 322048K, 88% used [0x00000000c0000000,0x00000000d17a9ec0,0x00000000d3a80000)
 Metaspace       used 103635K, committed 105024K, reserved 1179648K
  class space    used 10276K, committed 10944K, reserved 1048576K
}
Event: 3749,719 GC heap before
{Heap before GC invocations=4783 (full 84):
 PSYoungGen      total 7680K, used 7316K [0x00000000eab00000, 0x00000000ebb00000, 0x0000000100000000)
  eden space 6656K, 100% used [0x00000000eab00000,0x00000000eb180000,0x00000000eb180000)
  from space 1024K, 64% used [0x00000000eb180000,0x00000000eb225200,0x00000000eb280000)
  to   space 3584K, 0% used [0x00000000eb780000,0x00000000eb780000,0x00000000ebb00000)
 ParOldGen       total 322048K, used 286375K [0x00000000c0000000, 0x00000000d3a80000, 0x00000000eab00000)
  object space 322048K, 88% used [0x00000000c0000000,0x00000000d17a9ec0,0x00000000d3a80000)
 Metaspace       used 103635K, committed 105024K, reserved 1179648K
  class space    used 10276K, committed 10944K, reserved 1048576K
}
Event: 3749,728 GC heap after
{Heap after GC invocations=4783 (full 84):
 PSYoungGen      total 7168K, used 500K [0x00000000eab00000, 0x00000000eb800000, 0x0000000100000000)
  eden space 6656K, 0% used [0x00000000eab00000,0x00000000eab00000,0x00000000eb180000)
  from space 512K, 97% used [0x00000000eb780000,0x00000000eb7fd200,0x00000000eb800000)
  to   space 1024K, 0% used [0x00000000eb600000,0x00000000eb600000,0x00000000eb700000)
 ParOldGen       total 322048K, used 286564K [0x00000000c0000000, 0x00000000d3a80000, 0x00000000eab00000)
  object space 322048K, 88% used [0x00000000c0000000,0x00000000d17d90c0,0x00000000d3a80000)
 Metaspace       used 103635K, committed 105024K, reserved 1179648K
  class space    used 10276K, committed 10944K, reserved 1048576K
}
Event: 3749,872 GC heap before
{Heap before GC invocations=4784 (full 84):
 PSYoungGen      total 7168K, used 7156K [0x00000000eab00000, 0x00000000eb800000, 0x0000000100000000)
  eden space 6656K, 100% used [0x00000000eab00000,0x00000000eb180000,0x00000000eb180000)
  from space 512K, 97% used [0x00000000eb780000,0x00000000eb7fd200,0x00000000eb800000)
  to   space 1024K, 0% used [0x00000000eb600000,0x00000000eb600000,0x00000000eb700000)
 ParOldGen       total 322048K, used 286564K [0x00000000c0000000, 0x00000000d3a80000, 0x00000000eab00000)
  object space 322048K, 88% used [0x00000000c0000000,0x00000000d17d90c0,0x00000000d3a80000)
 Metaspace       used 103635K, committed 105024K, reserved 1179648K
  class space    used 10276K, committed 10944K, reserved 1048576K
}
Event: 3749,879 GC heap after
{Heap after GC invocations=4784 (full 84):
 PSYoungGen      total 7680K, used 128K [0x00000000eab00000, 0x00000000eb800000, 0x0000000100000000)
  eden space 6656K, 0% used [0x00000000eab00000,0x00000000eab00000,0x00000000eb180000)
  from space 1024K, 12% used [0x00000000eb600000,0x00000000eb620000,0x00000000eb700000)
  to   space 512K, 0% used [0x00000000eb780000,0x00000000eb780000,0x00000000eb800000)
 ParOldGen       total 322048K, used 286596K [0x00000000c0000000, 0x00000000d3a80000, 0x00000000eab00000)
  object space 322048K, 88% used [0x00000000c0000000,0x00000000d17e10c0,0x00000000d3a80000)
 Metaspace       used 103635K, committed 105024K, reserved 1179648K
  class space    used 10276K, committed 10944K, reserved 1048576K
}
Event: 3749,966 GC heap before
{Heap before GC invocations=4785 (full 84):
 PSYoungGen      total 7680K, used 6784K [0x00000000eab00000, 0x00000000eb800000, 0x0000000100000000)
  eden space 6656K, 100% used [0x00000000eab00000,0x00000000eb180000,0x00000000eb180000)
  from space 1024K, 12% used [0x00000000eb600000,0x00000000eb620000,0x00000000eb700000)
  to   space 512K, 0% used [0x00000000eb780000,0x00000000eb780000,0x00000000eb800000)
 ParOldGen       total 322048K, used 286596K [0x00000000c0000000, 0x00000000d3a80000, 0x00000000eab00000)
  object space 322048K, 88% used [0x00000000c0000000,0x00000000d17e10c0,0x00000000d3a80000)
 Metaspace       used 103635K, committed 105024K, reserved 1179648K
  class space    used 10276K, committed 10944K, reserved 1048576K
}
Event: 3749,981 GC heap after
{Heap after GC invocations=4785 (full 84):
 PSYoungGen      total 7168K, used 506K [0x00000000eab00000, 0x00000000eb800000, 0x0000000100000000)
  eden space 6656K, 0% used [0x00000000eab00000,0x00000000eab00000,0x00000000eb180000)
  from space 512K, 98% used [0x00000000eb780000,0x00000000eb7fe900,0x00000000eb800000)
  to   space 1024K, 0% used [0x00000000eb600000,0x00000000eb600000,0x00000000eb700000)
 ParOldGen       total 322048K, used 286620K [0x00000000c0000000, 0x00000000d3a80000, 0x00000000eab00000)
  object space 322048K, 88% used [0x00000000c0000000,0x00000000d17e70c0,0x00000000d3a80000)
 Metaspace       used 103635K, committed 105024K, reserved 1179648K
  class space    used 10276K, committed 10944K, reserved 1048576K
}
Event: 3750,008 GC heap before
{Heap before GC invocations=4786 (full 84):
 PSYoungGen      total 7168K, used 7162K [0x00000000eab00000, 0x00000000eb800000, 0x0000000100000000)
  eden space 6656K, 100% used [0x00000000eab00000,0x00000000eb180000,0x00000000eb180000)
  from space 512K, 98% used [0x00000000eb780000,0x00000000eb7fe900,0x00000000eb800000)
  to   space 1024K, 0% used [0x00000000eb600000,0x00000000eb600000,0x00000000eb700000)
 ParOldGen       total 322048K, used 286620K [0x00000000c0000000, 0x00000000d3a80000, 0x00000000eab00000)
  object space 322048K, 88% used [0x00000000c0000000,0x00000000d17e70c0,0x00000000d3a80000)
 Metaspace       used 103635K, committed 105024K, reserved 1179648K
  class space    used 10276K, committed 10944K, reserved 1048576K
}
Event: 3750,017 GC heap after
{Heap after GC invocations=4786 (full 84):
 PSYoungGen      total 7680K, used 596K [0x00000000eab00000, 0x00000000eb800000, 0x0000000100000000)
  eden space 6656K, 0% used [0x00000000eab00000,0x00000000eab00000,0x00000000eb180000)
  from space 1024K, 58% used [0x00000000eb600000,0x00000000eb695200,0x00000000eb700000)
  to   space 1024K, 0% used [0x00000000eb700000,0x00000000eb700000,0x00000000eb800000)
 ParOldGen       total 322048K, used 286652K [0x00000000c0000000, 0x00000000d3a80000, 0x00000000eab00000)
  object space 322048K, 89% used [0x00000000c0000000,0x00000000d17ef0d0,0x00000000d3a80000)
 Metaspace       used 103635K, committed 105024K, reserved 1179648K
  class space    used 10276K, committed 10944K, reserved 1048576K
}

